Build started 12/6/2012 8:26:20 PM.
     1>Project "D:\tpickell\Documents\GitHub\Week7-CISS350\Week7\Week7\Week7.vcxproj" on node 2 (Build target(s)).
     1>ClCompile:
         C:\Program Files (x86)\Microsoft Visual Studio 11.0\VC\bin\CL.exe /c /ZI /nologo /W3 /WX- /sdl /Od /Oy- /D WIN32 /D _DEBUG /D _CONSOLE /D _UNICODE /D UNICODE /Gm /EHsc /RTC1 /MDd /GS /fp:precise /Zc:wchar_t /Zc:forScope /Yu"stdafx.h" /Fp"Debug\Week7.pch" /Fo"Debug\\" /Fd"Debug\vc110.pdb" /Gd /TP /analyze- /errorReport:prompt heapQ.cpp heapQdriver.cpp
         heapQ.cpp
         Generating Code...
         Compiling...
         heapQdriver.cpp
         Generating Code...
       Link:
         C:\Program Files (x86)\Microsoft Visual Studio 11.0\VC\bin\link.exe /ERRORREPORT:PROMPT /OUT:"D:\tpickell\Documents\GitHub\Week7-CISS350\Week7\Debug\Week7.exe" /INCREMENTAL /NOLOGO kernel32.lib user32.lib gdi32.lib winspool.lib comdlg32.lib advapi32.lib shell32.lib ole32.lib oleaut32.lib uuid.lib odbc32.lib odbccp32.lib /MANIFEST /MANIFESTUAC:"level='asInvoker' uiAccess='false'" /manifest:embed /DEBUG /PDB:"D:\tpickell\Documents\GitHub\Week7-CISS350\Week7\Debug\Week7.pdb" /SUBSYSTEM:CONSOLE /TLBID:1 /DYNAMICBASE /NXCOMPAT /IMPLIB:"D:\tpickell\Documents\GitHub\Week7-CISS350\Week7\Debug\Week7.lib" /MACHINE:X86 Debug\heapQ.obj
         Debug\heapQdriver.obj
         Debug\ItemType.obj
         Debug\List.obj
         Debug\listQ.obj
         Debug\listQdriver.obj
         Debug\stdafx.obj
         Debug\Week7.obj
         Week7.vcxproj -> D:\tpickell\Documents\GitHub\Week7-CISS350\Week7\Debug\Week7.exe
     1>Done Building Project "D:\tpickell\Documents\GitHub\Week7-CISS350\Week7\Week7\Week7.vcxproj" (Build target(s)).

Build succeeded.

Time Elapsed 00:00:00.73
